<?xml version="1.0" encoding="UTF-8"?>
<testsuite name="edu.jsu.mcis.TicTacToeTest" tests="14" skipped="0" failures="0" errors="0" timestamp="2016-01-28T19:16:33" hostname="Lenovo-PC" time="0.119">
  <properties/>
  <testcase name="testGettingMarkInBottomLeftAndReturningAsAString" classname="edu.jsu.mcis.TicTacToeTest" time="0.088"/>
  <testcase name="testGettingMarkThatShouldBeEmptyInMiddleAndReturningAsAString" classname="edu.jsu.mcis.TicTacToeTest" time="0.006"/>
  <testcase name="testIfGameIsWonByXDiagonalTopLeftToBottomRightOnLastPossibleMove" classname="edu.jsu.mcis.TicTacToeTest" time="0.001"/>
  <testcase name="testIfGameIsTiedAndAllSpacesAreBeingUsed" classname="edu.jsu.mcis.TicTacToeTest" time="0.002"/>
  <testcase name="testIfGameIsWonByOOnMiddleColDown" classname="edu.jsu.mcis.TicTacToeTest" time="0.002"/>
  <testcase name="testIfGameIsWonByXOnTopRowAcross" classname="edu.jsu.mcis.TicTacToeTest" time="0.002"/>
  <testcase name="testMarkXInUpperRightCorner" classname="edu.jsu.mcis.TicTacToeTest" time="0.002"/>
  <testcase name="testIfGameIsWonByXDiagonalTopLeftToBottomRight" classname="edu.jsu.mcis.TicTacToeTest" time="0.005"/>
  <testcase name="testIfMarkingInSameSpotTwiceWorksAsItShould" classname="edu.jsu.mcis.TicTacToeTest" time="0.001"/>
  <testcase name="testIfGameIsWonByODiagonalTopRightToBottomLeft" classname="edu.jsu.mcis.TicTacToeTest" time="0.001"/>
  <testcase name="testMarkOInBottomLeftCorner" classname="edu.jsu.mcis.TicTacToeTest" time="0.001"/>
  <testcase name="testInitialBoardIsEmpty" classname="edu.jsu.mcis.TicTacToeTest" time="0.001"/>
  <testcase name="testMarkXInMiddleAndOInBottomRightCorner" classname="edu.jsu.mcis.TicTacToeTest" time="0.001"/>
  <testcase name="testGettingMarkInTopLeftAndReturningAsAString" classname="edu.jsu.mcis.TicTacToeTest" time="0.001"/>
  <system-out><![CDATA[]]></system-out>
  <system-err><![CDATA[]]></system-err>
</testsuite>
